2025-04-11 13:05:17,295 - tei_converter - ERROR - No input files specified. Use --ruland or --sommerhoff to specify input files.
2025-04-11 13:08:59,710 - tei_converter - INFO - Automatically found Ruland file: .\Ruland1612\Ruland.xml
2025-04-11 13:08:59,711 - tei_converter - INFO - Automatically found Sommerhoff file: .\Lexikon_Sommerhoff_Mayer2022_slighlyEdited2025-01-08.xml
2025-04-11 13:08:59,711 - tei_converter - INFO - Created output directory: ./output
2025-04-11 13:08:59,711 - tei_converter - INFO - Processing Ruland's dictionary from: .\Ruland1612\Ruland.xml
2025-04-11 13:08:59,741 - tei_converter - INFO - Found 3164 entries in Ruland
2025-04-11 13:09:00,003 - tei_converter - INFO - Successfully processed 3163 Ruland entries
2025-04-11 13:09:00,055 - tei_converter - INFO - Saved JSON to: ./output\ruland_dictionary.json
2025-04-11 13:09:00,056 - tei_converter - ERROR - Error processing Ruland dictionary: [Errno 22] Invalid argument: './output\\ruland_index_\n.json'
2025-04-11 13:09:00,065 - tei_converter - INFO - Processing Sommerhoff's dictionary from: .\Lexikon_Sommerhoff_Mayer2022_slighlyEdited2025-01-08.xml
2025-04-11 13:09:00,123 - tei_converter - INFO - Found 17412 entries in Sommerhoff
2025-04-11 13:09:01,538 - tei_converter - INFO - Successfully processed 16828 Sommerhoff entries
2025-04-11 13:09:01,734 - tei_converter - INFO - Saved JSON to: ./output\sommerhoff_dictionary.json
2025-04-11 13:09:01,746 - tei_converter - INFO - Saved JSON to: ./output\sommerhoff_index_a.json
2025-04-11 13:09:01,746 - tei_converter - INFO - Created index file for letter A with 1353 entries
2025-04-11 13:09:01,746 - tei_converter - ERROR - Error processing Sommerhoff dictionary: [Errno 22] Invalid argument: './output\\sommerhoff_index_\n.json'
2025-04-11 13:09:01,774 - tei_converter - INFO - Saved JSON to: ./output\dictionary_metadata.json
2025-04-11 13:09:01,774 - tei_converter - INFO - Created metadata file
2025-04-11 13:09:01,774 - tei_converter - INFO - Conversion completed
2025-04-11 13:13:05,930 - tei_converter - INFO - Automatically found Ruland file: .\Ruland1612\Ruland.xml
2025-04-11 13:13:05,931 - tei_converter - INFO - Automatically found Sommerhoff file: .\Lexikon_Sommerhoff_Mayer2022_slighlyEdited2025-01-08.xml
2025-04-11 13:13:05,931 - tei_converter - INFO - Processing Ruland's dictionary from: .\Ruland1612\Ruland.xml
2025-04-11 13:13:05,953 - tei_converter - INFO - Found 3164 entries in Ruland
2025-04-11 13:13:06,221 - tei_converter - INFO - Successfully processed 3163 Ruland entries
2025-04-11 13:13:06,264 - tei_converter - INFO - Saved JSON to: ./output\ruland_dictionary.json
2025-04-11 13:13:06,267 - tei_converter - INFO - Saved JSON to: ./output\ruland_index_a.json
2025-04-11 13:13:06,267 - tei_converter - INFO - Created index file for letter A with 520 entries
2025-04-11 13:13:06,267 - tei_converter - INFO - Saved JSON to: ./output\ruland_index_n.json
2025-04-11 13:13:06,267 - tei_converter - INFO - Created index file for letter N with 57 entries
2025-04-11 13:13:06,268 - tei_converter - INFO - Saved JSON to: ./output\ruland_index_r.json
2025-04-11 13:13:06,268 - tei_converter - INFO - Created index file for letter R with 79 entries
2025-04-11 13:13:06,270 - tei_converter - INFO - Saved JSON to: ./output\ruland_index_c.json
2025-04-11 13:13:06,270 - tei_converter - INFO - Created index file for letter C with 362 entries
2025-04-11 13:13:06,271 - tei_converter - INFO - Saved JSON to: ./output\ruland_index_b.json
2025-04-11 13:13:06,271 - tei_converter - INFO - Created index file for letter B with 113 entries
2025-04-11 13:13:06,272 - tei_converter - INFO - Saved JSON to: ./output\ruland_index_d.json
2025-04-11 13:13:06,272 - tei_converter - INFO - Created index file for letter D with 104 entries
2025-04-11 13:13:06,273 - tei_converter - INFO - Saved JSON to: ./output\ruland_index_e.json
2025-04-11 13:13:06,273 - tei_converter - INFO - Created index file for letter E with 101 entries
2025-04-11 13:13:06,274 - tei_converter - INFO - Saved JSON to: ./output\ruland_index_f.json
2025-04-11 13:13:06,274 - tei_converter - INFO - Created index file for letter F with 162 entries
2025-04-11 13:13:06,275 - tei_converter - INFO - Saved JSON to: ./output\ruland_index_g.json
2025-04-11 13:13:06,275 - tei_converter - INFO - Created index file for letter G with 80 entries
2025-04-11 13:13:06,275 - tei_converter - INFO - Saved JSON to: ./output\ruland_index_h.json
2025-04-11 13:13:06,275 - tei_converter - INFO - Created index file for letter H with 46 entries
2025-04-11 13:13:06,276 - tei_converter - INFO - Saved JSON to: ./output\ruland_index_i.json
2025-04-11 13:13:06,276 - tei_converter - INFO - Created index file for letter I with 75 entries
2025-04-11 13:13:06,277 - tei_converter - INFO - Saved JSON to: ./output\ruland_index_k.json
2025-04-11 13:13:06,277 - tei_converter - INFO - Created index file for letter K with 38 entries
2025-04-11 13:13:06,278 - tei_converter - INFO - Saved JSON to: ./output\ruland_index_l.json
2025-04-11 13:13:06,278 - tei_converter - INFO - Created index file for letter L with 150 entries
2025-04-11 13:13:06,280 - tei_converter - INFO - Saved JSON to: ./output\ruland_index_m.json
2025-04-11 13:13:06,280 - tei_converter - INFO - Created index file for letter M with 204 entries
2025-04-11 13:13:06,280 - tei_converter - INFO - Saved JSON to: ./output\ruland_index_o.json
2025-04-11 13:13:06,280 - tei_converter - INFO - Created index file for letter O with 76 entries
2025-04-11 13:13:06,281 - tei_converter - INFO - Saved JSON to: ./output\ruland_index_p.json
2025-04-11 13:13:06,281 - tei_converter - INFO - Created index file for letter P with 139 entries
2025-04-11 13:13:06,282 - tei_converter - INFO - Saved JSON to: ./output\ruland_index_q.json
2025-04-11 13:13:06,282 - tei_converter - INFO - Created index file for letter Q with 16 entries
2025-04-11 13:13:06,283 - tei_converter - INFO - Saved JSON to: ./output\ruland_index_s.json
2025-04-11 13:13:06,283 - tei_converter - INFO - Created index file for letter S with 311 entries
2025-04-11 13:13:06,284 - tei_converter - INFO - Saved JSON to: ./output\ruland_index_t.json
2025-04-11 13:13:06,284 - tei_converter - INFO - Created index file for letter T with 132 entries
2025-04-11 13:13:06,285 - tei_converter - INFO - Saved JSON to: ./output\ruland_index_v.json
2025-04-11 13:13:06,285 - tei_converter - INFO - Created index file for letter V with 98 entries
2025-04-11 13:13:06,286 - tei_converter - INFO - Saved JSON to: ./output\ruland_index_x.json
2025-04-11 13:13:06,286 - tei_converter - INFO - Created index file for letter X with 5 entries
2025-04-11 13:13:06,286 - tei_converter - INFO - Saved JSON to: ./output\ruland_index_y.json
2025-04-11 13:13:06,286 - tei_converter - INFO - Created index file for letter Y with 14 entries
2025-04-11 13:13:06,287 - tei_converter - INFO - Saved JSON to: ./output\ruland_index_z.json
2025-04-11 13:13:06,287 - tei_converter - INFO - Created index file for letter Z with 24 entries
2025-04-11 13:13:06,287 - tei_converter - INFO - Saved JSON to: ./output\ruland_letter_index.json
2025-04-11 13:13:06,296 - tei_converter - INFO - Processing Sommerhoff's dictionary from: .\Lexikon_Sommerhoff_Mayer2022_slighlyEdited2025-01-08.xml
2025-04-11 13:13:06,347 - tei_converter - INFO - Found 17412 entries in Sommerhoff
2025-04-11 13:13:07,759 - tei_converter - INFO - Successfully processed 16828 Sommerhoff entries
2025-04-11 13:13:07,938 - tei_converter - INFO - Saved JSON to: ./output\sommerhoff_dictionary.json
2025-04-11 13:13:07,951 - tei_converter - INFO - Saved JSON to: ./output\sommerhoff_index_a.json
2025-04-11 13:13:07,952 - tei_converter - INFO - Created index file for letter A with 1452 entries
2025-04-11 13:13:07,952 - tei_converter - INFO - Saved JSON to: ./output\sommerhoff_index_æ.json
2025-04-11 13:13:07,952 - tei_converter - INFO - Created index file for letter Æ with 30 entries
2025-04-11 13:13:07,954 - tei_converter - INFO - Saved JSON to: ./output\sommerhoff_index_i.json
2025-04-11 13:13:07,954 - tei_converter - INFO - Created index file for letter I with 287 entries
2025-04-11 13:13:07,957 - tei_converter - INFO - Saved JSON to: ./output\sommerhoff_index_b.json
2025-04-11 13:13:07,957 - tei_converter - INFO - Created index file for letter B with 775 entries
2025-04-11 13:13:07,963 - tei_converter - INFO - Saved JSON to: ./output\sommerhoff_index_c.json
2025-04-11 13:13:07,963 - tei_converter - INFO - Created index file for letter C with 1481 entries
2025-04-11 13:13:07,966 - tei_converter - INFO - Saved JSON to: ./output\sommerhoff_index_g.json
2025-04-11 13:13:07,966 - tei_converter - INFO - Created index file for letter G with 819 entries
2025-04-11 13:13:07,968 - tei_converter - INFO - Saved JSON to: ./output\sommerhoff_index_o.json
2025-04-11 13:13:07,968 - tei_converter - INFO - Created index file for letter O with 431 entries
2025-04-11 13:13:07,971 - tei_converter - INFO - Saved JSON to: ./output\sommerhoff_index_d.json
2025-04-11 13:13:07,971 - tei_converter - INFO - Created index file for letter D with 559 entries
2025-04-11 13:13:07,974 - tei_converter - INFO - Saved JSON to: ./output\sommerhoff_index_l.json
2025-04-11 13:13:07,974 - tei_converter - INFO - Created index file for letter L with 882 entries
2025-04-11 13:13:07,978 - tei_converter - INFO - Saved JSON to: ./output\sommerhoff_index_m.json
2025-04-11 13:13:07,978 - tei_converter - INFO - Created index file for letter M with 1078 entries
2025-04-11 13:13:07,983 - tei_converter - INFO - Saved JSON to: ./output\sommerhoff_index_p.json
2025-04-11 13:13:07,983 - tei_converter - INFO - Created index file for letter P with 975 entries
2025-04-11 13:13:07,987 - tei_converter - INFO - Saved JSON to: ./output\sommerhoff_index_r.json
2025-04-11 13:13:07,987 - tei_converter - INFO - Created index file for letter R with 834 entries
2025-04-11 13:13:07,994 - tei_converter - INFO - Saved JSON to: ./output\sommerhoff_index_s.json
2025-04-11 13:13:07,994 - tei_converter - INFO - Created index file for letter S with 2113 entries
2025-04-11 13:13:07,996 - tei_converter - INFO - Saved JSON to: ./output\sommerhoff_index_e.json
2025-04-11 13:13:07,996 - tei_converter - INFO - Created index file for letter E with 558 entries
2025-04-11 13:13:08,000 - tei_converter - INFO - Saved JSON to: ./output\sommerhoff_index_t.json
2025-04-11 13:13:08,000 - tei_converter - INFO - Created index file for letter T with 687 entries
2025-04-11 13:13:08,002 - tei_converter - INFO - Saved JSON to: ./output\sommerhoff_index_f.json
2025-04-11 13:13:08,002 - tei_converter - INFO - Created index file for letter F with 644 entries
2025-04-11 13:13:08,005 - tei_converter - INFO - Saved JSON to: ./output\sommerhoff_index_h.json
2025-04-11 13:13:08,005 - tei_converter - INFO - Created index file for letter H with 706 entries
2025-04-11 13:13:08,006 - tei_converter - INFO - Saved JSON to: ./output\sommerhoff_index_q.json
2025-04-11 13:13:08,006 - tei_converter - INFO - Created index file for letter Q with 78 entries
2025-04-11 13:13:08,007 - tei_converter - INFO - Saved JSON to: ./output\sommerhoff_index_j.json
2025-04-11 13:13:08,007 - tei_converter - INFO - Created index file for letter J with 122 entries
2025-04-11 13:13:08,009 - tei_converter - INFO - Saved JSON to: ./output\sommerhoff_index_k.json
2025-04-11 13:13:08,009 - tei_converter - INFO - Created index file for letter K with 568 entries
2025-04-11 13:13:08,010 - tei_converter - INFO - Saved JSON to: ./output\sommerhoff_index_n.json
2025-04-11 13:13:08,010 - tei_converter - INFO - Created index file for letter N with 281 entries
2025-04-11 13:13:08,013 - tei_converter - INFO - Saved JSON to: ./output\sommerhoff_index_w.json
2025-04-11 13:13:08,013 - tei_converter - INFO - Created index file for letter W with 652 entries
2025-04-11 13:13:08,015 - tei_converter - INFO - Saved JSON to: ./output\sommerhoff_index_v.json
2025-04-11 13:13:08,015 - tei_converter - INFO - Created index file for letter V with 362 entries
2025-04-11 13:13:08,016 - tei_converter - INFO - Saved JSON to: ./output\sommerhoff_index_u.json
2025-04-11 13:13:08,016 - tei_converter - INFO - Created index file for letter U with 144 entries
2025-04-11 13:13:08,016 - tei_converter - INFO - Saved JSON to: ./output\sommerhoff_index_x.json
2025-04-11 13:13:08,016 - tei_converter - INFO - Created index file for letter X with 38 entries
2025-04-11 13:13:08,017 - tei_converter - INFO - Saved JSON to: ./output\sommerhoff_index_y.json
2025-04-11 13:13:08,017 - tei_converter - INFO - Created index file for letter Y with 28 entries
2025-04-11 13:13:08,019 - tei_converter - INFO - Saved JSON to: ./output\sommerhoff_index_z.json
2025-04-11 13:13:08,019 - tei_converter - INFO - Created index file for letter Z with 200 entries
2025-04-11 13:13:08,019 - tei_converter - INFO - Saved JSON to: ./output\sommerhoff_letter_index.json
2025-04-11 13:13:08,027 - tei_converter - INFO - Found 297 symbol definitions in Sommerhoff
2025-04-11 13:13:08,037 - tei_converter - INFO - Saved JSON to: ./output\sommerhoff_symbols.json
2025-04-11 13:13:08,037 - tei_converter - INFO - Saved 297 symbol definitions
2025-04-11 13:13:08,064 - tei_converter - INFO - Saved JSON to: ./output\dictionary_metadata.json
2025-04-11 13:13:08,064 - tei_converter - INFO - Created metadata file
2025-04-11 13:13:08,065 - tei_converter - INFO - Conversion completed
2025-04-11 13:14:55,691 - tei_converter - INFO - Automatically found Ruland file: .\Ruland1612\Ruland.xml
2025-04-11 13:14:55,691 - tei_converter - INFO - Automatically found Sommerhoff file: .\Lexikon_Sommerhoff_Mayer2022_slighlyEdited2025-01-08.xml
2025-04-11 13:14:55,691 - tei_converter - INFO - Processing Ruland's dictionary from: .\Ruland1612\Ruland.xml
2025-04-11 13:14:55,711 - tei_converter - INFO - Found 3164 entries in Ruland
2025-04-11 13:14:55,982 - tei_converter - INFO - Successfully processed 3163 Ruland entries
2025-04-11 13:14:56,023 - tei_converter - INFO - Saved JSON to: ./output\ruland_dictionary.json
2025-04-11 13:14:56,027 - tei_converter - INFO - Saved JSON to: ./output\ruland_index_a.json
2025-04-11 13:14:56,027 - tei_converter - INFO - Created index file for letter A with 520 entries
2025-04-11 13:14:56,027 - tei_converter - INFO - Saved JSON to: ./output\ruland_index_n.json
2025-04-11 13:14:56,027 - tei_converter - INFO - Created index file for letter N with 57 entries
2025-04-11 13:14:56,028 - tei_converter - INFO - Saved JSON to: ./output\ruland_index_r.json
2025-04-11 13:14:56,028 - tei_converter - INFO - Created index file for letter R with 79 entries
2025-04-11 13:14:56,030 - tei_converter - INFO - Saved JSON to: ./output\ruland_index_c.json
2025-04-11 13:14:56,030 - tei_converter - INFO - Created index file for letter C with 362 entries
2025-04-11 13:14:56,031 - tei_converter - INFO - Saved JSON to: ./output\ruland_index_b.json
2025-04-11 13:14:56,031 - tei_converter - INFO - Created index file for letter B with 113 entries
2025-04-11 13:14:56,032 - tei_converter - INFO - Saved JSON to: ./output\ruland_index_d.json
2025-04-11 13:14:56,032 - tei_converter - INFO - Created index file for letter D with 104 entries
2025-04-11 13:14:56,033 - tei_converter - INFO - Saved JSON to: ./output\ruland_index_e.json
2025-04-11 13:14:56,033 - tei_converter - INFO - Created index file for letter E with 101 entries
2025-04-11 13:14:56,033 - tei_converter - INFO - Saved JSON to: ./output\ruland_index_f.json
2025-04-11 13:14:56,033 - tei_converter - INFO - Created index file for letter F with 162 entries
2025-04-11 13:14:56,034 - tei_converter - INFO - Saved JSON to: ./output\ruland_index_g.json
2025-04-11 13:14:56,034 - tei_converter - INFO - Created index file for letter G with 80 entries
2025-04-11 13:14:56,035 - tei_converter - INFO - Saved JSON to: ./output\ruland_index_h.json
2025-04-11 13:14:56,035 - tei_converter - INFO - Created index file for letter H with 46 entries
2025-04-11 13:14:56,035 - tei_converter - INFO - Saved JSON to: ./output\ruland_index_i.json
2025-04-11 13:14:56,035 - tei_converter - INFO - Created index file for letter I with 75 entries
2025-04-11 13:14:56,036 - tei_converter - INFO - Saved JSON to: ./output\ruland_index_k.json
2025-04-11 13:14:56,036 - tei_converter - INFO - Created index file for letter K with 38 entries
2025-04-11 13:14:56,037 - tei_converter - INFO - Saved JSON to: ./output\ruland_index_l.json
2025-04-11 13:14:56,037 - tei_converter - INFO - Created index file for letter L with 150 entries
2025-04-11 13:14:56,038 - tei_converter - INFO - Saved JSON to: ./output\ruland_index_m.json
2025-04-11 13:14:56,038 - tei_converter - INFO - Created index file for letter M with 204 entries
2025-04-11 13:14:56,038 - tei_converter - INFO - Saved JSON to: ./output\ruland_index_o.json
2025-04-11 13:14:56,038 - tei_converter - INFO - Created index file for letter O with 76 entries
2025-04-11 13:14:56,039 - tei_converter - INFO - Saved JSON to: ./output\ruland_index_p.json
2025-04-11 13:14:56,039 - tei_converter - INFO - Created index file for letter P with 139 entries
2025-04-11 13:14:56,040 - tei_converter - INFO - Saved JSON to: ./output\ruland_index_q.json
2025-04-11 13:14:56,040 - tei_converter - INFO - Created index file for letter Q with 16 entries
2025-04-11 13:14:56,041 - tei_converter - INFO - Saved JSON to: ./output\ruland_index_s.json
2025-04-11 13:14:56,041 - tei_converter - INFO - Created index file for letter S with 311 entries
2025-04-11 13:14:56,042 - tei_converter - INFO - Saved JSON to: ./output\ruland_index_t.json
2025-04-11 13:14:56,042 - tei_converter - INFO - Created index file for letter T with 132 entries
2025-04-11 13:14:56,043 - tei_converter - INFO - Saved JSON to: ./output\ruland_index_v.json
2025-04-11 13:14:56,043 - tei_converter - INFO - Created index file for letter V with 98 entries
2025-04-11 13:14:56,043 - tei_converter - INFO - Saved JSON to: ./output\ruland_index_x.json
2025-04-11 13:14:56,043 - tei_converter - INFO - Created index file for letter X with 5 entries
2025-04-11 13:14:56,044 - tei_converter - INFO - Saved JSON to: ./output\ruland_index_y.json
2025-04-11 13:14:56,044 - tei_converter - INFO - Created index file for letter Y with 14 entries
2025-04-11 13:14:56,044 - tei_converter - INFO - Saved JSON to: ./output\ruland_index_z.json
2025-04-11 13:14:56,044 - tei_converter - INFO - Created index file for letter Z with 24 entries
2025-04-11 13:14:56,045 - tei_converter - INFO - Saved JSON to: ./output\ruland_letter_index.json
2025-04-11 13:14:56,054 - tei_converter - INFO - Processing Sommerhoff's dictionary from: .\Lexikon_Sommerhoff_Mayer2022_slighlyEdited2025-01-08.xml
2025-04-11 13:14:56,103 - tei_converter - INFO - Found 17412 entries in Sommerhoff
2025-04-11 13:14:57,541 - tei_converter - INFO - Successfully processed 16828 Sommerhoff entries
2025-04-11 13:14:57,717 - tei_converter - INFO - Saved JSON to: ./output\sommerhoff_dictionary.json
2025-04-11 13:14:57,727 - tei_converter - INFO - Saved JSON to: ./output\sommerhoff_index_a.json
2025-04-11 13:14:57,727 - tei_converter - INFO - Created index file for letter A with 1452 entries
2025-04-11 13:14:57,728 - tei_converter - INFO - Saved JSON to: ./output\sommerhoff_index_æ.json
2025-04-11 13:14:57,728 - tei_converter - INFO - Created index file for letter Æ with 30 entries
2025-04-11 13:14:57,730 - tei_converter - INFO - Saved JSON to: ./output\sommerhoff_index_i.json
2025-04-11 13:14:57,730 - tei_converter - INFO - Created index file for letter I with 287 entries
2025-04-11 13:14:57,733 - tei_converter - INFO - Saved JSON to: ./output\sommerhoff_index_b.json
2025-04-11 13:14:57,733 - tei_converter - INFO - Created index file for letter B with 775 entries
2025-04-11 13:14:57,737 - tei_converter - INFO - Saved JSON to: ./output\sommerhoff_index_c.json
2025-04-11 13:14:57,737 - tei_converter - INFO - Created index file for letter C with 1481 entries
2025-04-11 13:14:57,741 - tei_converter - INFO - Saved JSON to: ./output\sommerhoff_index_g.json
2025-04-11 13:14:57,741 - tei_converter - INFO - Created index file for letter G with 819 entries
2025-04-11 13:14:57,743 - tei_converter - INFO - Saved JSON to: ./output\sommerhoff_index_o.json
2025-04-11 13:14:57,743 - tei_converter - INFO - Created index file for letter O with 431 entries
2025-04-11 13:14:57,745 - tei_converter - INFO - Saved JSON to: ./output\sommerhoff_index_d.json
2025-04-11 13:14:57,745 - tei_converter - INFO - Created index file for letter D with 559 entries
2025-04-11 13:14:57,748 - tei_converter - INFO - Saved JSON to: ./output\sommerhoff_index_l.json
2025-04-11 13:14:57,749 - tei_converter - INFO - Created index file for letter L with 882 entries
2025-04-11 13:14:57,752 - tei_converter - INFO - Saved JSON to: ./output\sommerhoff_index_m.json
2025-04-11 13:14:57,752 - tei_converter - INFO - Created index file for letter M with 1078 entries
2025-04-11 13:14:57,755 - tei_converter - INFO - Saved JSON to: ./output\sommerhoff_index_p.json
2025-04-11 13:14:57,755 - tei_converter - INFO - Created index file for letter P with 975 entries
2025-04-11 13:14:57,758 - tei_converter - INFO - Saved JSON to: ./output\sommerhoff_index_r.json
2025-04-11 13:14:57,758 - tei_converter - INFO - Created index file for letter R with 834 entries
2025-04-11 13:14:57,766 - tei_converter - INFO - Saved JSON to: ./output\sommerhoff_index_s.json
2025-04-11 13:14:57,766 - tei_converter - INFO - Created index file for letter S with 2113 entries
2025-04-11 13:14:57,769 - tei_converter - INFO - Saved JSON to: ./output\sommerhoff_index_e.json
2025-04-11 13:14:57,769 - tei_converter - INFO - Created index file for letter E with 558 entries
2025-04-11 13:14:57,771 - tei_converter - INFO - Saved JSON to: ./output\sommerhoff_index_t.json
2025-04-11 13:14:57,771 - tei_converter - INFO - Created index file for letter T with 687 entries
2025-04-11 13:14:57,774 - tei_converter - INFO - Saved JSON to: ./output\sommerhoff_index_f.json
2025-04-11 13:14:57,774 - tei_converter - INFO - Created index file for letter F with 644 entries
2025-04-11 13:14:57,777 - tei_converter - INFO - Saved JSON to: ./output\sommerhoff_index_h.json
2025-04-11 13:14:57,777 - tei_converter - INFO - Created index file for letter H with 706 entries
2025-04-11 13:14:57,778 - tei_converter - INFO - Saved JSON to: ./output\sommerhoff_index_q.json
2025-04-11 13:14:57,778 - tei_converter - INFO - Created index file for letter Q with 78 entries
2025-04-11 13:14:57,778 - tei_converter - INFO - Saved JSON to: ./output\sommerhoff_index_j.json
2025-04-11 13:14:57,778 - tei_converter - INFO - Created index file for letter J with 122 entries
2025-04-11 13:14:57,781 - tei_converter - INFO - Saved JSON to: ./output\sommerhoff_index_k.json
2025-04-11 13:14:57,781 - tei_converter - INFO - Created index file for letter K with 568 entries
2025-04-11 13:14:57,783 - tei_converter - INFO - Saved JSON to: ./output\sommerhoff_index_n.json
2025-04-11 13:14:57,783 - tei_converter - INFO - Created index file for letter N with 281 entries
2025-04-11 13:14:57,785 - tei_converter - INFO - Saved JSON to: ./output\sommerhoff_index_w.json
2025-04-11 13:14:57,786 - tei_converter - INFO - Created index file for letter W with 652 entries
2025-04-11 13:14:57,787 - tei_converter - INFO - Saved JSON to: ./output\sommerhoff_index_v.json
2025-04-11 13:14:57,787 - tei_converter - INFO - Created index file for letter V with 362 entries
2025-04-11 13:14:57,788 - tei_converter - INFO - Saved JSON to: ./output\sommerhoff_index_u.json
2025-04-11 13:14:57,788 - tei_converter - INFO - Created index file for letter U with 144 entries
2025-04-11 13:14:57,789 - tei_converter - INFO - Saved JSON to: ./output\sommerhoff_index_x.json
2025-04-11 13:14:57,789 - tei_converter - INFO - Created index file for letter X with 38 entries
2025-04-11 13:14:57,789 - tei_converter - INFO - Saved JSON to: ./output\sommerhoff_index_y.json
2025-04-11 13:14:57,790 - tei_converter - INFO - Created index file for letter Y with 28 entries
2025-04-11 13:14:57,790 - tei_converter - INFO - Saved JSON to: ./output\sommerhoff_index_z.json
2025-04-11 13:14:57,791 - tei_converter - INFO - Created index file for letter Z with 200 entries
2025-04-11 13:14:57,791 - tei_converter - INFO - Saved JSON to: ./output\sommerhoff_letter_index.json
2025-04-11 13:14:57,799 - tei_converter - INFO - Found 297 symbol definitions in Sommerhoff
2025-04-11 13:14:57,810 - tei_converter - INFO - Saved JSON to: ./output\sommerhoff_symbols.json
2025-04-11 13:14:57,810 - tei_converter - INFO - Saved 297 symbol definitions
2025-04-11 13:14:57,834 - tei_converter - INFO - Saved JSON to: ./output\dictionary_metadata.json
2025-04-11 13:14:57,834 - tei_converter - INFO - Created metadata file
2025-04-11 13:14:57,834 - tei_converter - INFO - Conversion completed
2025-04-11 14:11:28,824 - tei_converter - INFO - Automatically found Ruland file: .\Ruland1612\Ruland.xml
2025-04-11 14:11:28,824 - tei_converter - INFO - Automatically found Sommerhoff file: .\Lexikon_Sommerhoff_Mayer2022_slighlyEdited2025-01-08.xml
2025-04-11 14:11:28,825 - tei_converter - INFO - Processing Ruland's dictionary from: .\Ruland1612\Ruland.xml
2025-04-11 14:11:28,846 - tei_converter - INFO - Found 3164 entries in Ruland
2025-04-11 14:11:29,121 - tei_converter - INFO - Successfully processed 3163 Ruland entries
2025-04-11 14:11:29,168 - tei_converter - INFO - Saved JSON to: ./output\ruland_dictionary.json
2025-04-11 14:11:29,170 - tei_converter - INFO - Saved JSON to: ./output\ruland_index_a.json
2025-04-11 14:11:29,171 - tei_converter - INFO - Created index file for letter A with 520 entries
2025-04-11 14:11:29,171 - tei_converter - INFO - Saved JSON to: ./output\ruland_index_n.json
2025-04-11 14:11:29,171 - tei_converter - INFO - Created index file for letter N with 57 entries
2025-04-11 14:11:29,172 - tei_converter - INFO - Saved JSON to: ./output\ruland_index_r.json
2025-04-11 14:11:29,172 - tei_converter - INFO - Created index file for letter R with 79 entries
2025-04-11 14:11:29,173 - tei_converter - INFO - Saved JSON to: ./output\ruland_index_c.json
2025-04-11 14:11:29,174 - tei_converter - INFO - Created index file for letter C with 362 entries
2025-04-11 14:11:29,174 - tei_converter - INFO - Saved JSON to: ./output\ruland_index_b.json
2025-04-11 14:11:29,174 - tei_converter - INFO - Created index file for letter B with 113 entries
2025-04-11 14:11:29,175 - tei_converter - INFO - Saved JSON to: ./output\ruland_index_d.json
2025-04-11 14:11:29,175 - tei_converter - INFO - Created index file for letter D with 104 entries
2025-04-11 14:11:29,176 - tei_converter - INFO - Saved JSON to: ./output\ruland_index_e.json
2025-04-11 14:11:29,176 - tei_converter - INFO - Created index file for letter E with 101 entries
2025-04-11 14:11:29,178 - tei_converter - INFO - Saved JSON to: ./output\ruland_index_f.json
2025-04-11 14:11:29,178 - tei_converter - INFO - Created index file for letter F with 162 entries
2025-04-11 14:11:29,178 - tei_converter - INFO - Saved JSON to: ./output\ruland_index_g.json
2025-04-11 14:11:29,178 - tei_converter - INFO - Created index file for letter G with 80 entries
2025-04-11 14:11:29,179 - tei_converter - INFO - Saved JSON to: ./output\ruland_index_h.json
2025-04-11 14:11:29,179 - tei_converter - INFO - Created index file for letter H with 46 entries
2025-04-11 14:11:29,180 - tei_converter - INFO - Saved JSON to: ./output\ruland_index_i.json
2025-04-11 14:11:29,180 - tei_converter - INFO - Created index file for letter I with 75 entries
2025-04-11 14:11:29,180 - tei_converter - INFO - Saved JSON to: ./output\ruland_index_k.json
2025-04-11 14:11:29,180 - tei_converter - INFO - Created index file for letter K with 38 entries
2025-04-11 14:11:29,181 - tei_converter - INFO - Saved JSON to: ./output\ruland_index_l.json
2025-04-11 14:11:29,181 - tei_converter - INFO - Created index file for letter L with 150 entries
2025-04-11 14:11:29,182 - tei_converter - INFO - Saved JSON to: ./output\ruland_index_m.json
2025-04-11 14:11:29,182 - tei_converter - INFO - Created index file for letter M with 204 entries
2025-04-11 14:11:29,183 - tei_converter - INFO - Saved JSON to: ./output\ruland_index_o.json
2025-04-11 14:11:29,183 - tei_converter - INFO - Created index file for letter O with 76 entries
2025-04-11 14:11:29,183 - tei_converter - INFO - Saved JSON to: ./output\ruland_index_p.json
2025-04-11 14:11:29,184 - tei_converter - INFO - Created index file for letter P with 139 entries
2025-04-11 14:11:29,184 - tei_converter - INFO - Saved JSON to: ./output\ruland_index_q.json
2025-04-11 14:11:29,184 - tei_converter - INFO - Created index file for letter Q with 16 entries
2025-04-11 14:11:29,186 - tei_converter - INFO - Saved JSON to: ./output\ruland_index_s.json
2025-04-11 14:11:29,186 - tei_converter - INFO - Created index file for letter S with 311 entries
2025-04-11 14:11:29,188 - tei_converter - INFO - Saved JSON to: ./output\ruland_index_t.json
2025-04-11 14:11:29,188 - tei_converter - INFO - Created index file for letter T with 132 entries
2025-04-11 14:11:29,189 - tei_converter - INFO - Saved JSON to: ./output\ruland_index_v.json
2025-04-11 14:11:29,189 - tei_converter - INFO - Created index file for letter V with 98 entries
2025-04-11 14:11:29,190 - tei_converter - INFO - Saved JSON to: ./output\ruland_index_x.json
2025-04-11 14:11:29,190 - tei_converter - INFO - Created index file for letter X with 5 entries
2025-04-11 14:11:29,190 - tei_converter - INFO - Saved JSON to: ./output\ruland_index_y.json
2025-04-11 14:11:29,190 - tei_converter - INFO - Created index file for letter Y with 14 entries
2025-04-11 14:11:29,191 - tei_converter - INFO - Saved JSON to: ./output\ruland_index_z.json
2025-04-11 14:11:29,191 - tei_converter - INFO - Created index file for letter Z with 24 entries
2025-04-11 14:11:29,193 - tei_converter - INFO - Saved JSON to: ./output\ruland_letter_index.json
2025-04-11 14:11:29,193 - tei_converter - INFO - Created master letter index with 23 letters and 2906 total entries
2025-04-11 14:11:29,203 - tei_converter - INFO - Processing Sommerhoff's dictionary from: .\Lexikon_Sommerhoff_Mayer2022_slighlyEdited2025-01-08.xml
2025-04-11 14:11:29,250 - tei_converter - INFO - Found 17412 entries in Sommerhoff
2025-04-11 14:11:30,641 - tei_converter - INFO - Successfully processed 16828 Sommerhoff entries
2025-04-11 14:11:30,828 - tei_converter - INFO - Saved JSON to: ./output\sommerhoff_dictionary.json
2025-04-11 14:11:30,839 - tei_converter - INFO - Saved JSON to: ./output\sommerhoff_index_a.json
2025-04-11 14:11:30,839 - tei_converter - INFO - Created index file for letter A with 1452 entries
2025-04-11 14:11:30,840 - tei_converter - INFO - Saved JSON to: ./output\sommerhoff_index_æ.json
2025-04-11 14:11:30,840 - tei_converter - INFO - Created index file for letter Æ with 30 entries
2025-04-11 14:11:30,841 - tei_converter - INFO - Saved JSON to: ./output\sommerhoff_index_i.json
2025-04-11 14:11:30,842 - tei_converter - INFO - Created index file for letter I with 287 entries
2025-04-11 14:11:30,845 - tei_converter - INFO - Saved JSON to: ./output\sommerhoff_index_b.json
2025-04-11 14:11:30,845 - tei_converter - INFO - Created index file for letter B with 775 entries
2025-04-11 14:11:30,850 - tei_converter - INFO - Saved JSON to: ./output\sommerhoff_index_c.json
2025-04-11 14:11:30,850 - tei_converter - INFO - Created index file for letter C with 1481 entries
2025-04-11 14:11:30,853 - tei_converter - INFO - Saved JSON to: ./output\sommerhoff_index_g.json
2025-04-11 14:11:30,854 - tei_converter - INFO - Created index file for letter G with 819 entries
2025-04-11 14:11:30,856 - tei_converter - INFO - Saved JSON to: ./output\sommerhoff_index_o.json
2025-04-11 14:11:30,856 - tei_converter - INFO - Created index file for letter O with 431 entries
2025-04-11 14:11:30,859 - tei_converter - INFO - Saved JSON to: ./output\sommerhoff_index_d.json
2025-04-11 14:11:30,859 - tei_converter - INFO - Created index file for letter D with 559 entries
2025-04-11 14:11:30,862 - tei_converter - INFO - Saved JSON to: ./output\sommerhoff_index_l.json
2025-04-11 14:11:30,862 - tei_converter - INFO - Created index file for letter L with 882 entries
2025-04-11 14:11:30,866 - tei_converter - INFO - Saved JSON to: ./output\sommerhoff_index_m.json
2025-04-11 14:11:30,866 - tei_converter - INFO - Created index file for letter M with 1078 entries
2025-04-11 14:11:30,870 - tei_converter - INFO - Saved JSON to: ./output\sommerhoff_index_p.json
2025-04-11 14:11:30,870 - tei_converter - INFO - Created index file for letter P with 975 entries
2025-04-11 14:11:30,873 - tei_converter - INFO - Saved JSON to: ./output\sommerhoff_index_r.json
2025-04-11 14:11:30,873 - tei_converter - INFO - Created index file for letter R with 834 entries
2025-04-11 14:11:30,880 - tei_converter - INFO - Saved JSON to: ./output\sommerhoff_index_s.json
2025-04-11 14:11:30,880 - tei_converter - INFO - Created index file for letter S with 2113 entries
2025-04-11 14:11:30,883 - tei_converter - INFO - Saved JSON to: ./output\sommerhoff_index_e.json
2025-04-11 14:11:30,883 - tei_converter - INFO - Created index file for letter E with 558 entries
2025-04-11 14:11:30,886 - tei_converter - INFO - Saved JSON to: ./output\sommerhoff_index_t.json
2025-04-11 14:11:30,886 - tei_converter - INFO - Created index file for letter T with 687 entries
2025-04-11 14:11:30,889 - tei_converter - INFO - Saved JSON to: ./output\sommerhoff_index_f.json
2025-04-11 14:11:30,889 - tei_converter - INFO - Created index file for letter F with 644 entries
2025-04-11 14:11:30,892 - tei_converter - INFO - Saved JSON to: ./output\sommerhoff_index_h.json
2025-04-11 14:11:30,892 - tei_converter - INFO - Created index file for letter H with 706 entries
2025-04-11 14:11:30,893 - tei_converter - INFO - Saved JSON to: ./output\sommerhoff_index_q.json
2025-04-11 14:11:30,893 - tei_converter - INFO - Created index file for letter Q with 78 entries
2025-04-11 14:11:30,894 - tei_converter - INFO - Saved JSON to: ./output\sommerhoff_index_j.json
2025-04-11 14:11:30,894 - tei_converter - INFO - Created index file for letter J with 122 entries
2025-04-11 14:11:30,896 - tei_converter - INFO - Saved JSON to: ./output\sommerhoff_index_k.json
2025-04-11 14:11:30,896 - tei_converter - INFO - Created index file for letter K with 568 entries
2025-04-11 14:11:30,897 - tei_converter - INFO - Saved JSON to: ./output\sommerhoff_index_n.json
2025-04-11 14:11:30,897 - tei_converter - INFO - Created index file for letter N with 281 entries
2025-04-11 14:11:30,900 - tei_converter - INFO - Saved JSON to: ./output\sommerhoff_index_w.json
2025-04-11 14:11:30,900 - tei_converter - INFO - Created index file for letter W with 652 entries
2025-04-11 14:11:30,902 - tei_converter - INFO - Saved JSON to: ./output\sommerhoff_index_v.json
2025-04-11 14:11:30,902 - tei_converter - INFO - Created index file for letter V with 362 entries
2025-04-11 14:11:30,903 - tei_converter - INFO - Saved JSON to: ./output\sommerhoff_index_u.json
2025-04-11 14:11:30,903 - tei_converter - INFO - Created index file for letter U with 144 entries
2025-04-11 14:11:30,904 - tei_converter - INFO - Saved JSON to: ./output\sommerhoff_index_x.json
2025-04-11 14:11:30,904 - tei_converter - INFO - Created index file for letter X with 38 entries
2025-04-11 14:11:30,905 - tei_converter - INFO - Saved JSON to: ./output\sommerhoff_index_y.json
2025-04-11 14:11:30,905 - tei_converter - INFO - Created index file for letter Y with 28 entries
2025-04-11 14:11:30,906 - tei_converter - INFO - Saved JSON to: ./output\sommerhoff_index_z.json
2025-04-11 14:11:30,906 - tei_converter - INFO - Created index file for letter Z with 200 entries
2025-04-11 14:11:30,914 - tei_converter - INFO - Saved JSON to: ./output\sommerhoff_letter_index.json
2025-04-11 14:11:30,914 - tei_converter - INFO - Created master letter index with 27 letters and 16784 total entries
2025-04-11 14:11:30,922 - tei_converter - INFO - Found 297 symbol definitions in Sommerhoff
2025-04-11 14:11:30,933 - tei_converter - INFO - Saved JSON to: ./output\sommerhoff_symbols.json
2025-04-11 14:11:30,933 - tei_converter - INFO - Saved 297 symbol definitions
2025-04-11 14:11:30,956 - tei_converter - INFO - Saved JSON to: ./output\dictionary_metadata.json
2025-04-11 14:11:30,956 - tei_converter - INFO - Created metadata file
2025-04-11 14:11:30,956 - tei_converter - INFO - Conversion completed
2025-04-11 14:11:46,590 - tei_converter - INFO - Automatically found Ruland file: .\Ruland1612\Ruland.xml
2025-04-11 14:11:46,590 - tei_converter - INFO - Automatically found Sommerhoff file: .\Lexikon_Sommerhoff_Mayer2022_slighlyEdited2025-01-08.xml
2025-04-11 14:11:46,590 - tei_converter - INFO - Processing Ruland's dictionary from: .\Ruland1612\Ruland.xml
2025-04-11 14:11:46,612 - tei_converter - INFO - Found 3164 entries in Ruland
2025-04-11 14:11:46,880 - tei_converter - INFO - Successfully processed 3163 Ruland entries
2025-04-11 14:11:46,925 - tei_converter - INFO - Saved JSON to: ./output\ruland_dictionary.json
2025-04-11 14:11:46,928 - tei_converter - INFO - Saved JSON to: ./output\ruland_index_a.json
2025-04-11 14:11:46,929 - tei_converter - INFO - Created index file for letter A with 520 entries
2025-04-11 14:11:46,938 - tei_converter - INFO - Saved JSON to: ./output\ruland_index_n.json
2025-04-11 14:11:46,938 - tei_converter - INFO - Created index file for letter N with 57 entries
2025-04-11 14:11:46,939 - tei_converter - INFO - Saved JSON to: ./output\ruland_index_r.json
2025-04-11 14:11:46,939 - tei_converter - INFO - Created index file for letter R with 79 entries
2025-04-11 14:11:46,940 - tei_converter - INFO - Saved JSON to: ./output\ruland_index_c.json
2025-04-11 14:11:46,940 - tei_converter - INFO - Created index file for letter C with 362 entries
2025-04-11 14:11:46,941 - tei_converter - INFO - Saved JSON to: ./output\ruland_index_b.json
2025-04-11 14:11:46,941 - tei_converter - INFO - Created index file for letter B with 113 entries
2025-04-11 14:11:46,942 - tei_converter - INFO - Saved JSON to: ./output\ruland_index_d.json
2025-04-11 14:11:46,942 - tei_converter - INFO - Created index file for letter D with 104 entries
2025-04-11 14:11:46,943 - tei_converter - INFO - Saved JSON to: ./output\ruland_index_e.json
2025-04-11 14:11:46,943 - tei_converter - INFO - Created index file for letter E with 101 entries
2025-04-11 14:11:46,944 - tei_converter - INFO - Saved JSON to: ./output\ruland_index_f.json
2025-04-11 14:11:46,944 - tei_converter - INFO - Created index file for letter F with 162 entries
2025-04-11 14:11:46,944 - tei_converter - INFO - Saved JSON to: ./output\ruland_index_g.json
2025-04-11 14:11:46,944 - tei_converter - INFO - Created index file for letter G with 80 entries
2025-04-11 14:11:46,945 - tei_converter - INFO - Saved JSON to: ./output\ruland_index_h.json
2025-04-11 14:11:46,945 - tei_converter - INFO - Created index file for letter H with 46 entries
2025-04-11 14:11:46,946 - tei_converter - INFO - Saved JSON to: ./output\ruland_index_i.json
2025-04-11 14:11:46,946 - tei_converter - INFO - Created index file for letter I with 75 entries
2025-04-11 14:11:46,946 - tei_converter - INFO - Saved JSON to: ./output\ruland_index_k.json
2025-04-11 14:11:46,946 - tei_converter - INFO - Created index file for letter K with 38 entries
2025-04-11 14:11:46,947 - tei_converter - INFO - Saved JSON to: ./output\ruland_index_l.json
2025-04-11 14:11:46,947 - tei_converter - INFO - Created index file for letter L with 150 entries
2025-04-11 14:11:46,948 - tei_converter - INFO - Saved JSON to: ./output\ruland_index_m.json
2025-04-11 14:11:46,948 - tei_converter - INFO - Created index file for letter M with 204 entries
2025-04-11 14:11:46,948 - tei_converter - INFO - Saved JSON to: ./output\ruland_index_o.json
2025-04-11 14:11:46,949 - tei_converter - INFO - Created index file for letter O with 76 entries
2025-04-11 14:11:46,949 - tei_converter - INFO - Saved JSON to: ./output\ruland_index_p.json
2025-04-11 14:11:46,949 - tei_converter - INFO - Created index file for letter P with 139 entries
2025-04-11 14:11:46,950 - tei_converter - INFO - Saved JSON to: ./output\ruland_index_q.json
2025-04-11 14:11:46,950 - tei_converter - INFO - Created index file for letter Q with 16 entries
2025-04-11 14:11:46,952 - tei_converter - INFO - Saved JSON to: ./output\ruland_index_s.json
2025-04-11 14:11:46,952 - tei_converter - INFO - Created index file for letter S with 311 entries
2025-04-11 14:11:46,952 - tei_converter - INFO - Saved JSON to: ./output\ruland_index_t.json
2025-04-11 14:11:46,953 - tei_converter - INFO - Created index file for letter T with 132 entries
2025-04-11 14:11:46,953 - tei_converter - INFO - Saved JSON to: ./output\ruland_index_v.json
2025-04-11 14:11:46,953 - tei_converter - INFO - Created index file for letter V with 98 entries
2025-04-11 14:11:46,954 - tei_converter - INFO - Saved JSON to: ./output\ruland_index_x.json
2025-04-11 14:11:46,954 - tei_converter - INFO - Created index file for letter X with 5 entries
2025-04-11 14:11:46,954 - tei_converter - INFO - Saved JSON to: ./output\ruland_index_y.json
2025-04-11 14:11:46,954 - tei_converter - INFO - Created index file for letter Y with 14 entries
2025-04-11 14:11:46,955 - tei_converter - INFO - Saved JSON to: ./output\ruland_index_z.json
2025-04-11 14:11:46,955 - tei_converter - INFO - Created index file for letter Z with 24 entries
2025-04-11 14:11:46,957 - tei_converter - INFO - Saved JSON to: ./output\ruland_letter_index.json
2025-04-11 14:11:46,957 - tei_converter - INFO - Created master letter index with 23 letters and 2906 total entries
2025-04-11 14:11:46,965 - tei_converter - INFO - Processing Sommerhoff's dictionary from: .\Lexikon_Sommerhoff_Mayer2022_slighlyEdited2025-01-08.xml
2025-04-11 14:11:47,014 - tei_converter - INFO - Found 17412 entries in Sommerhoff
2025-04-11 14:11:48,395 - tei_converter - INFO - Successfully processed 16828 Sommerhoff entries
2025-04-11 14:11:48,578 - tei_converter - INFO - Saved JSON to: ./output\sommerhoff_dictionary.json
2025-04-11 14:11:48,589 - tei_converter - INFO - Saved JSON to: ./output\sommerhoff_index_a.json
2025-04-11 14:11:48,589 - tei_converter - INFO - Created index file for letter A with 1452 entries
2025-04-11 14:11:48,589 - tei_converter - INFO - Saved JSON to: ./output\sommerhoff_index_æ.json
2025-04-11 14:11:48,589 - tei_converter - INFO - Created index file for letter Æ with 30 entries
2025-04-11 14:11:48,591 - tei_converter - INFO - Saved JSON to: ./output\sommerhoff_index_i.json
2025-04-11 14:11:48,591 - tei_converter - INFO - Created index file for letter I with 287 entries
2025-04-11 14:11:48,603 - tei_converter - INFO - Saved JSON to: ./output\sommerhoff_index_b.json
2025-04-11 14:11:48,603 - tei_converter - INFO - Created index file for letter B with 775 entries
2025-04-11 14:11:48,608 - tei_converter - INFO - Saved JSON to: ./output\sommerhoff_index_c.json
2025-04-11 14:11:48,608 - tei_converter - INFO - Created index file for letter C with 1481 entries
2025-04-11 14:11:48,611 - tei_converter - INFO - Saved JSON to: ./output\sommerhoff_index_g.json
2025-04-11 14:11:48,611 - tei_converter - INFO - Created index file for letter G with 819 entries
2025-04-11 14:11:48,613 - tei_converter - INFO - Saved JSON to: ./output\sommerhoff_index_o.json
2025-04-11 14:11:48,613 - tei_converter - INFO - Created index file for letter O with 431 entries
2025-04-11 14:11:48,615 - tei_converter - INFO - Saved JSON to: ./output\sommerhoff_index_d.json
2025-04-11 14:11:48,616 - tei_converter - INFO - Created index file for letter D with 559 entries
2025-04-11 14:11:48,619 - tei_converter - INFO - Saved JSON to: ./output\sommerhoff_index_l.json
2025-04-11 14:11:48,619 - tei_converter - INFO - Created index file for letter L with 882 entries
2025-04-11 14:11:48,623 - tei_converter - INFO - Saved JSON to: ./output\sommerhoff_index_m.json
2025-04-11 14:11:48,623 - tei_converter - INFO - Created index file for letter M with 1078 entries
2025-04-11 14:11:48,627 - tei_converter - INFO - Saved JSON to: ./output\sommerhoff_index_p.json
2025-04-11 14:11:48,627 - tei_converter - INFO - Created index file for letter P with 975 entries
2025-04-11 14:11:48,630 - tei_converter - INFO - Saved JSON to: ./output\sommerhoff_index_r.json
2025-04-11 14:11:48,630 - tei_converter - INFO - Created index file for letter R with 834 entries
2025-04-11 14:11:48,638 - tei_converter - INFO - Saved JSON to: ./output\sommerhoff_index_s.json
2025-04-11 14:11:48,638 - tei_converter - INFO - Created index file for letter S with 2113 entries
2025-04-11 14:11:48,640 - tei_converter - INFO - Saved JSON to: ./output\sommerhoff_index_e.json
2025-04-11 14:11:48,640 - tei_converter - INFO - Created index file for letter E with 558 entries
2025-04-11 14:11:48,643 - tei_converter - INFO - Saved JSON to: ./output\sommerhoff_index_t.json
2025-04-11 14:11:48,643 - tei_converter - INFO - Created index file for letter T with 687 entries
2025-04-11 14:11:48,646 - tei_converter - INFO - Saved JSON to: ./output\sommerhoff_index_f.json
2025-04-11 14:11:48,646 - tei_converter - INFO - Created index file for letter F with 644 entries
2025-04-11 14:11:48,648 - tei_converter - INFO - Saved JSON to: ./output\sommerhoff_index_h.json
2025-04-11 14:11:48,648 - tei_converter - INFO - Created index file for letter H with 706 entries
2025-04-11 14:11:48,649 - tei_converter - INFO - Saved JSON to: ./output\sommerhoff_index_q.json
2025-04-11 14:11:48,649 - tei_converter - INFO - Created index file for letter Q with 78 entries
2025-04-11 14:11:48,650 - tei_converter - INFO - Saved JSON to: ./output\sommerhoff_index_j.json
2025-04-11 14:11:48,650 - tei_converter - INFO - Created index file for letter J with 122 entries
2025-04-11 14:11:48,652 - tei_converter - INFO - Saved JSON to: ./output\sommerhoff_index_k.json
2025-04-11 14:11:48,652 - tei_converter - INFO - Created index file for letter K with 568 entries
2025-04-11 14:11:48,654 - tei_converter - INFO - Saved JSON to: ./output\sommerhoff_index_n.json
2025-04-11 14:11:48,654 - tei_converter - INFO - Created index file for letter N with 281 entries
2025-04-11 14:11:48,656 - tei_converter - INFO - Saved JSON to: ./output\sommerhoff_index_w.json
2025-04-11 14:11:48,656 - tei_converter - INFO - Created index file for letter W with 652 entries
2025-04-11 14:11:48,659 - tei_converter - INFO - Saved JSON to: ./output\sommerhoff_index_v.json
2025-04-11 14:11:48,660 - tei_converter - INFO - Created index file for letter V with 362 entries
2025-04-11 14:11:48,660 - tei_converter - INFO - Saved JSON to: ./output\sommerhoff_index_u.json
2025-04-11 14:11:48,660 - tei_converter - INFO - Created index file for letter U with 144 entries
2025-04-11 14:11:48,661 - tei_converter - INFO - Saved JSON to: ./output\sommerhoff_index_x.json
2025-04-11 14:11:48,661 - tei_converter - INFO - Created index file for letter X with 38 entries
2025-04-11 14:11:48,661 - tei_converter - INFO - Saved JSON to: ./output\sommerhoff_index_y.json
2025-04-11 14:11:48,662 - tei_converter - INFO - Created index file for letter Y with 28 entries
2025-04-11 14:11:48,663 - tei_converter - INFO - Saved JSON to: ./output\sommerhoff_index_z.json
2025-04-11 14:11:48,663 - tei_converter - INFO - Created index file for letter Z with 200 entries
2025-04-11 14:11:48,670 - tei_converter - INFO - Saved JSON to: ./output\sommerhoff_letter_index.json
2025-04-11 14:11:48,670 - tei_converter - INFO - Created master letter index with 27 letters and 16784 total entries
2025-04-11 14:11:48,678 - tei_converter - INFO - Found 297 symbol definitions in Sommerhoff
2025-04-11 14:11:48,689 - tei_converter - INFO - Saved JSON to: ./output\sommerhoff_symbols.json
2025-04-11 14:11:48,689 - tei_converter - INFO - Saved 297 symbol definitions
2025-04-11 14:11:48,714 - tei_converter - INFO - Saved JSON to: ./output\dictionary_metadata.json
2025-04-11 14:11:48,714 - tei_converter - INFO - Created metadata file
2025-04-11 14:11:48,714 - tei_converter - INFO - Conversion completed
2025-04-11 17:25:28,057 - tei_converter - INFO - Automatically found Ruland file: .\Ruland1612\Ruland.xml
2025-04-11 17:25:28,057 - tei_converter - INFO - Automatically found Sommerhoff file: .\Lexikon_Sommerhoff_Mayer2022_slighlyEdited2025-01-08.xml
2025-04-11 17:25:28,057 - tei_converter - INFO - Processing Ruland's dictionary from: .\Ruland1612\Ruland.xml
2025-04-11 17:25:28,139 - tei_converter - INFO - Found 3164 entries in Ruland
2025-04-11 17:25:30,933 - tei_converter - INFO - Successfully processed 3163 Ruland entries
2025-04-11 17:25:31,083 - tei_converter - INFO - Saved JSON to: ./output\ruland_dictionary.json
2025-04-11 17:25:31,087 - tei_converter - INFO - Saved JSON to: ./output\ruland_index_a.json
2025-04-11 17:25:31,087 - tei_converter - INFO - Created index file for letter A with 548 entries
2025-04-11 17:25:31,100 - tei_converter - INFO - Saved JSON to: ./output\ruland_index_n.json
2025-04-11 17:25:31,100 - tei_converter - INFO - Created index file for letter N with 57 entries
2025-04-11 17:25:31,101 - tei_converter - INFO - Saved JSON to: ./output\ruland_index_r.json
2025-04-11 17:25:31,101 - tei_converter - INFO - Created index file for letter R with 83 entries
2025-04-11 17:25:31,104 - tei_converter - INFO - Saved JSON to: ./output\ruland_index_c.json
2025-04-11 17:25:31,104 - tei_converter - INFO - Created index file for letter C with 389 entries
2025-04-11 17:25:31,105 - tei_converter - INFO - Saved JSON to: ./output\ruland_index_b.json
2025-04-11 17:25:31,105 - tei_converter - INFO - Created index file for letter B with 123 entries
2025-04-11 17:25:31,106 - tei_converter - INFO - Saved JSON to: ./output\ruland_index_d.json
2025-04-11 17:25:31,106 - tei_converter - INFO - Created index file for letter D with 110 entries
2025-04-11 17:25:31,107 - tei_converter - INFO - Saved JSON to: ./output\ruland_index_e.json
2025-04-11 17:25:31,107 - tei_converter - INFO - Created index file for letter E with 104 entries
2025-04-11 17:25:31,108 - tei_converter - INFO - Saved JSON to: ./output\ruland_index_f.json
2025-04-11 17:25:31,109 - tei_converter - INFO - Created index file for letter F with 184 entries
2025-04-11 17:25:31,109 - tei_converter - INFO - Saved JSON to: ./output\ruland_index_g.json
2025-04-11 17:25:31,110 - tei_converter - INFO - Created index file for letter G with 84 entries
2025-04-11 17:25:31,110 - tei_converter - INFO - Saved JSON to: ./output\ruland_index_h.json
2025-04-11 17:25:31,110 - tei_converter - INFO - Created index file for letter H with 47 entries
2025-04-11 17:25:31,111 - tei_converter - INFO - Saved JSON to: ./output\ruland_index_i.json
2025-04-11 17:25:31,111 - tei_converter - INFO - Created index file for letter I with 81 entries
2025-04-11 17:25:31,111 - tei_converter - INFO - Saved JSON to: ./output\ruland_index_k.json
2025-04-11 17:25:31,112 - tei_converter - INFO - Created index file for letter K with 38 entries
2025-04-11 17:25:31,113 - tei_converter - INFO - Saved JSON to: ./output\ruland_index_l.json
2025-04-11 17:25:31,113 - tei_converter - INFO - Created index file for letter L with 176 entries
2025-04-11 17:25:31,115 - tei_converter - INFO - Saved JSON to: ./output\ruland_index_m.json
2025-04-11 17:25:31,115 - tei_converter - INFO - Created index file for letter M with 218 entries
2025-04-11 17:25:31,116 - tei_converter - INFO - Saved JSON to: ./output\ruland_index_o.json
2025-04-11 17:25:31,116 - tei_converter - INFO - Created index file for letter O with 80 entries
2025-04-11 17:25:31,116 - tei_converter - INFO - Saved JSON to: ./output\ruland_index_p.json
2025-04-11 17:25:31,117 - tei_converter - INFO - Created index file for letter P with 171 entries
2025-04-11 17:25:31,117 - tei_converter - INFO - Saved JSON to: ./output\ruland_index_q.json
2025-04-11 17:25:31,117 - tei_converter - INFO - Created index file for letter Q with 19 entries
2025-04-11 17:25:31,120 - tei_converter - INFO - Saved JSON to: ./output\ruland_index_s.json
2025-04-11 17:25:31,120 - tei_converter - INFO - Created index file for letter S with 324 entries
2025-04-11 17:25:31,120 - tei_converter - INFO - Saved JSON to: ./output\ruland_index_t.json
2025-04-11 17:25:31,122 - tei_converter - INFO - Created index file for letter T with 141 entries
2025-04-11 17:25:31,122 - tei_converter - INFO - Saved JSON to: ./output\ruland_index_v.json
2025-04-11 17:25:31,122 - tei_converter - INFO - Created index file for letter V with 102 entries
2025-04-11 17:25:31,122 - tei_converter - INFO - Saved JSON to: ./output\ruland_index_x.json
2025-04-11 17:25:31,123 - tei_converter - INFO - Created index file for letter X with 5 entries
2025-04-11 17:25:31,123 - tei_converter - INFO - Saved JSON to: ./output\ruland_index_y.json
2025-04-11 17:25:31,123 - tei_converter - INFO - Created index file for letter Y with 14 entries
2025-04-11 17:25:31,123 - tei_converter - INFO - Saved JSON to: ./output\ruland_index_z.json
2025-04-11 17:25:31,123 - tei_converter - INFO - Created index file for letter Z with 24 entries
2025-04-11 17:25:31,140 - tei_converter - INFO - Saved JSON to: ./output\ruland_letter_index.json
2025-04-11 17:25:31,140 - tei_converter - INFO - Created master letter index with 23 letters and 3122 total entries
2025-04-11 17:25:31,156 - tei_converter - INFO - Saved JSON to: ./output\ruland_search_index.json
2025-04-11 17:25:31,156 - tei_converter - INFO - Created search index with 3122 entries
2025-04-11 17:25:31,158 - tei_converter - INFO - Saved JSON to: ./output\ruland_document_structure.json
2025-04-11 17:25:31,171 - tei_converter - INFO - Processing Sommerhoff's dictionary from: .\Lexikon_Sommerhoff_Mayer2022_slighlyEdited2025-01-08.xml
2025-04-11 17:25:31,249 - tei_converter - INFO - Found 297 symbol definitions in Sommerhoff
2025-04-11 17:25:31,277 - tei_converter - INFO - Saved JSON to: ./output\sommerhoff_symbols.json
2025-04-11 17:25:31,277 - tei_converter - INFO - Saved 297 symbol definitions and 0 symbol tables
2025-04-11 17:25:31,687 - tei_converter - INFO - Found 17412 entries in Sommerhoff
2025-04-11 17:26:34,029 - tei_converter - INFO - Successfully processed 16828 Sommerhoff entries
2025-04-11 17:26:34,793 - tei_converter - INFO - Saved JSON to: ./output\sommerhoff_dictionary.json
2025-04-11 17:26:34,821 - tei_converter - INFO - Saved JSON to: ./output\sommerhoff_index_a.json
2025-04-11 17:26:34,821 - tei_converter - INFO - Created index file for letter A with 1452 entries
2025-04-11 17:26:34,821 - tei_converter - INFO - Saved JSON to: ./output\sommerhoff_index_æ.json
2025-04-11 17:26:34,821 - tei_converter - INFO - Created index file for letter Æ with 30 entries
2025-04-11 17:26:34,837 - tei_converter - INFO - Saved JSON to: ./output\sommerhoff_index_i.json
2025-04-11 17:26:34,837 - tei_converter - INFO - Created index file for letter I with 287 entries
2025-04-11 17:26:34,840 - tei_converter - INFO - Saved JSON to: ./output\sommerhoff_index_b.json
2025-04-11 17:26:34,840 - tei_converter - INFO - Created index file for letter B with 775 entries
2025-04-11 17:26:34,849 - tei_converter - INFO - Saved JSON to: ./output\sommerhoff_index_c.json
2025-04-11 17:26:34,849 - tei_converter - INFO - Created index file for letter C with 1481 entries
2025-04-11 17:26:34,855 - tei_converter - INFO - Saved JSON to: ./output\sommerhoff_index_g.json
2025-04-11 17:26:34,855 - tei_converter - INFO - Created index file for letter G with 819 entries
2025-04-11 17:26:34,856 - tei_converter - INFO - Saved JSON to: ./output\sommerhoff_index_o.json
2025-04-11 17:26:34,856 - tei_converter - INFO - Created index file for letter O with 431 entries
2025-04-11 17:26:34,858 - tei_converter - INFO - Saved JSON to: ./output\sommerhoff_index_d.json
2025-04-11 17:26:34,858 - tei_converter - INFO - Created index file for letter D with 559 entries
2025-04-11 17:26:34,858 - tei_converter - INFO - Saved JSON to: ./output\sommerhoff_index_l.json
2025-04-11 17:26:34,858 - tei_converter - INFO - Created index file for letter L with 882 entries
2025-04-11 17:26:34,871 - tei_converter - INFO - Saved JSON to: ./output\sommerhoff_index_m.json
2025-04-11 17:26:34,871 - tei_converter - INFO - Created index file for letter M with 1078 entries
2025-04-11 17:26:34,876 - tei_converter - INFO - Saved JSON to: ./output\sommerhoff_index_p.json
2025-04-11 17:26:34,876 - tei_converter - INFO - Created index file for letter P with 975 entries
2025-04-11 17:26:34,881 - tei_converter - INFO - Saved JSON to: ./output\sommerhoff_index_r.json
2025-04-11 17:26:34,882 - tei_converter - INFO - Created index file for letter R with 834 entries
2025-04-11 17:26:34,889 - tei_converter - INFO - Saved JSON to: ./output\sommerhoff_index_s.json
2025-04-11 17:26:34,889 - tei_converter - INFO - Created index file for letter S with 2113 entries
2025-04-11 17:26:34,895 - tei_converter - INFO - Saved JSON to: ./output\sommerhoff_index_e.json
2025-04-11 17:26:34,895 - tei_converter - INFO - Created index file for letter E with 558 entries
2025-04-11 17:26:34,899 - tei_converter - INFO - Saved JSON to: ./output\sommerhoff_index_t.json
2025-04-11 17:26:34,899 - tei_converter - INFO - Created index file for letter T with 687 entries
2025-04-11 17:26:34,902 - tei_converter - INFO - Saved JSON to: ./output\sommerhoff_index_f.json
2025-04-11 17:26:34,902 - tei_converter - INFO - Created index file for letter F with 644 entries
2025-04-11 17:26:34,907 - tei_converter - INFO - Saved JSON to: ./output\sommerhoff_index_h.json
2025-04-11 17:26:34,907 - tei_converter - INFO - Created index file for letter H with 706 entries
2025-04-11 17:26:34,908 - tei_converter - INFO - Saved JSON to: ./output\sommerhoff_index_q.json
2025-04-11 17:26:34,908 - tei_converter - INFO - Created index file for letter Q with 78 entries
2025-04-11 17:26:34,909 - tei_converter - INFO - Saved JSON to: ./output\sommerhoff_index_j.json
2025-04-11 17:26:34,910 - tei_converter - INFO - Created index file for letter J with 122 entries
2025-04-11 17:26:34,913 - tei_converter - INFO - Saved JSON to: ./output\sommerhoff_index_k.json
2025-04-11 17:26:34,913 - tei_converter - INFO - Created index file for letter K with 568 entries
2025-04-11 17:26:34,914 - tei_converter - INFO - Saved JSON to: ./output\sommerhoff_index_n.json
2025-04-11 17:26:34,914 - tei_converter - INFO - Created index file for letter N with 281 entries
2025-04-11 17:26:34,917 - tei_converter - INFO - Saved JSON to: ./output\sommerhoff_index_w.json
2025-04-11 17:26:34,917 - tei_converter - INFO - Created index file for letter W with 652 entries
2025-04-11 17:26:34,920 - tei_converter - INFO - Saved JSON to: ./output\sommerhoff_index_v.json
2025-04-11 17:26:34,920 - tei_converter - INFO - Created index file for letter V with 362 entries
2025-04-11 17:26:34,922 - tei_converter - INFO - Saved JSON to: ./output\sommerhoff_index_u.json
2025-04-11 17:26:34,922 - tei_converter - INFO - Created index file for letter U with 144 entries
2025-04-11 17:26:34,922 - tei_converter - INFO - Saved JSON to: ./output\sommerhoff_index_x.json
2025-04-11 17:26:34,922 - tei_converter - INFO - Created index file for letter X with 38 entries
2025-04-11 17:26:34,923 - tei_converter - INFO - Saved JSON to: ./output\sommerhoff_index_y.json
2025-04-11 17:26:34,923 - tei_converter - INFO - Created index file for letter Y with 28 entries
2025-04-11 17:26:34,925 - tei_converter - INFO - Saved JSON to: ./output\sommerhoff_index_z.json
2025-04-11 17:26:34,925 - tei_converter - INFO - Created index file for letter Z with 200 entries
2025-04-11 17:26:34,989 - tei_converter - INFO - Saved JSON to: ./output\sommerhoff_letter_index.json
2025-04-11 17:26:34,989 - tei_converter - INFO - Created master letter index with 27 letters and 16784 total entries
2025-04-11 17:26:35,059 - tei_converter - INFO - Saved JSON to: ./output\sommerhoff_search_index.json
2025-04-11 17:26:35,059 - tei_converter - INFO - Created search index with 16784 entries
2025-04-11 17:26:35,059 - tei_converter - INFO - Saved JSON to: ./output\sommerhoff_document_structure.json
2025-04-11 17:26:35,109 - tei_converter - INFO - Saved JSON to: ./output\dictionary_metadata.json
2025-04-11 17:26:35,109 - tei_converter - INFO - Created metadata file with comprehensive information
2025-04-11 17:26:35,169 - tei_converter - INFO - Saved JSON to: ./output\combined_search_index.json
2025-04-11 17:26:35,169 - tei_converter - INFO - Created combined search index with 15513 entries
2025-04-11 17:26:35,220 - tei_converter - INFO - Saved JSON to: ./output\cross_reference_network.json
2025-04-11 17:26:35,220 - tei_converter - INFO - Created cross-reference network with 15513 nodes
2025-04-11 17:26:35,229 - tei_converter - INFO - Conversion completed successfully
2025-04-11 17:26:35,229 - tei_converter - INFO - Generated 62 output files:
2025-04-11 17:26:35,229 - tei_converter - INFO -   - combined_search_index.json (1878.7 KB)
2025-04-11 17:26:35,229 - tei_converter - INFO -   - cross_reference_network.json (2030.2 KB)
2025-04-11 17:26:35,229 - tei_converter - INFO -   - dictionary_metadata.json (1.3 KB)
2025-04-11 17:26:35,229 - tei_converter - INFO -   - ruland_dictionary.json (7535.0 KB)
2025-04-11 17:26:35,229 - tei_converter - INFO -   - ruland_document_structure.json (79.5 KB)
2025-04-11 17:26:35,229 - tei_converter - INFO -   - ruland_index_a.json (104.8 KB)
2025-04-11 17:26:35,229 - tei_converter - INFO -   - ruland_index_b.json (22.1 KB)
2025-04-11 17:26:35,229 - tei_converter - INFO -   - ruland_index_c.json (83.2 KB)
2025-04-11 17:26:35,229 - tei_converter - INFO -   - ruland_index_d.json (21.3 KB)
2025-04-11 17:26:35,229 - tei_converter - INFO -   - ruland_index_e.json (19.9 KB)
2025-04-11 17:26:35,229 - tei_converter - INFO -   - ruland_index_f.json (41.0 KB)
2025-04-11 17:26:35,229 - tei_converter - INFO -   - ruland_index_g.json (16.0 KB)
2025-04-11 17:26:35,229 - tei_converter - INFO -   - ruland_index_h.json (8.2 KB)
2025-04-11 17:26:35,229 - tei_converter - INFO -   - ruland_index_i.json (20.5 KB)
2025-04-11 17:26:35,229 - tei_converter - INFO -   - ruland_index_k.json (7.3 KB)
2025-04-11 17:26:35,229 - tei_converter - INFO -   - ruland_index_l.json (49.0 KB)
2025-04-11 17:26:35,229 - tei_converter - INFO -   - ruland_index_m.json (52.6 KB)
2025-04-11 17:26:35,229 - tei_converter - INFO -   - ruland_index_n.json (10.1 KB)
2025-04-11 17:26:35,229 - tei_converter - INFO -   - ruland_index_o.json (14.5 KB)
2025-04-11 17:26:35,229 - tei_converter - INFO -   - ruland_index_p.json (55.7 KB)
2025-04-11 17:26:35,229 - tei_converter - INFO -   - ruland_index_q.json (3.9 KB)
2025-04-11 17:26:35,229 - tei_converter - INFO -   - ruland_index_r.json (15.6 KB)
2025-04-11 17:26:35,229 - tei_converter - INFO -   - ruland_index_s.json (64.6 KB)
2025-04-11 17:26:35,229 - tei_converter - INFO -   - ruland_index_t.json (28.7 KB)
2025-04-11 17:26:35,229 - tei_converter - INFO -   - ruland_index_v.json (18.3 KB)
2025-04-11 17:26:35,229 - tei_converter - INFO -   - ruland_index_x.json (0.8 KB)
2025-04-11 17:26:35,229 - tei_converter - INFO -   - ruland_index_y.json (2.6 KB)
2025-04-11 17:26:35,229 - tei_converter - INFO -   - ruland_index_z.json (3.6 KB)
2025-04-11 17:26:35,229 - tei_converter - INFO -   - ruland_letter_index.json (372.1 KB)
2025-04-11 17:26:35,229 - tei_converter - INFO -   - ruland_search_index.json (579.0 KB)
2025-04-11 17:26:35,229 - tei_converter - INFO -   - sommerhoff_dictionary.json (26171.2 KB)
2025-04-11 17:26:35,229 - tei_converter - INFO -   - sommerhoff_document_structure.json (90.7 KB)
2025-04-11 17:26:35,229 - tei_converter - INFO -   - sommerhoff_index_a.json (274.4 KB)
2025-04-11 17:26:35,229 - tei_converter - INFO -   - sommerhoff_index_b.json (137.3 KB)
2025-04-11 17:26:35,229 - tei_converter - INFO -   - sommerhoff_index_c.json (298.4 KB)
2025-04-11 17:26:35,229 - tei_converter - INFO -   - sommerhoff_index_d.json (94.3 KB)
2025-04-11 17:26:35,229 - tei_converter - INFO -   - sommerhoff_index_e.json (97.4 KB)
2025-04-11 17:26:35,229 - tei_converter - INFO -   - sommerhoff_index_f.json (131.8 KB)
2025-04-11 17:26:35,229 - tei_converter - INFO -   - sommerhoff_index_g.json (139.8 KB)
2025-04-11 17:26:35,229 - tei_converter - INFO -   - sommerhoff_index_h.json (120.8 KB)
2025-04-11 17:26:35,229 - tei_converter - INFO -   - sommerhoff_index_i.json (49.4 KB)
2025-04-11 17:26:35,229 - tei_converter - INFO -   - sommerhoff_index_j.json (21.9 KB)
2025-04-11 17:26:35,229 - tei_converter - INFO -   - sommerhoff_index_k.json (93.5 KB)
2025-04-11 17:26:35,229 - tei_converter - INFO -   - sommerhoff_index_l.json (180.4 KB)
2025-04-11 17:26:35,229 - tei_converter - INFO -   - sommerhoff_index_m.json (195.4 KB)
2025-04-11 17:26:35,229 - tei_converter - INFO -   - sommerhoff_index_n.json (54.4 KB)
2025-04-11 17:26:35,234 - tei_converter - INFO -   - sommerhoff_index_o.json (80.8 KB)
2025-04-11 17:26:35,234 - tei_converter - INFO -   - sommerhoff_index_p.json (185.6 KB)
2025-04-11 17:26:35,234 - tei_converter - INFO -   - sommerhoff_index_q.json (13.3 KB)
2025-04-11 17:26:35,234 - tei_converter - INFO -   - sommerhoff_index_r.json (187.3 KB)
2025-04-11 17:26:35,234 - tei_converter - INFO -   - sommerhoff_index_s.json (416.1 KB)
2025-04-11 17:26:35,234 - tei_converter - INFO -   - sommerhoff_index_t.json (128.0 KB)
2025-04-11 17:26:35,234 - tei_converter - INFO -   - sommerhoff_index_u.json (28.6 KB)
2025-04-11 17:26:35,235 - tei_converter - INFO -   - sommerhoff_index_v.json (68.4 KB)
2025-04-11 17:26:35,235 - tei_converter - INFO -   - sommerhoff_index_w.json (104.4 KB)
2025-04-11 17:26:35,235 - tei_converter - INFO -   - sommerhoff_index_x.json (6.6 KB)
2025-04-11 17:26:35,235 - tei_converter - INFO -   - sommerhoff_index_y.json (4.8 KB)
2025-04-11 17:26:35,235 - tei_converter - INFO -   - sommerhoff_index_z.json (34.5 KB)
2025-04-11 17:26:35,235 - tei_converter - INFO -   - sommerhoff_index_æ.json (5.8 KB)
2025-04-11 17:26:35,235 - tei_converter - INFO -   - sommerhoff_letter_index.json (1918.3 KB)
2025-04-11 17:26:35,235 - tei_converter - INFO -   - sommerhoff_search_index.json (2678.5 KB)
2025-04-11 17:26:35,236 - tei_converter - INFO -   - sommerhoff_symbols.json (98.3 KB)
